[ 2017-08-15T11:51:11+08:00 ] ::1 /x086TP32/admin.php?c=basic&a=add
INFO: [ app_begin ] --START--
INFO: Run Behavior\ReadHtmlCacheBehavior [ RunTime:0.001000s ]
INFO: [ app_begin ] --END-- [ RunTime:0.001000s ]
NOTIC: [2048] Declaration of Common\Model\BasicModel::save() should be compatible with Think\Model::save($data = '', $options = Array) F:\wamp\www\x086TP32\Application\Common\Model\BasicModel.class.php 第 9 行.
NOTIC: [2048] Declaration of Common\Model\BasicModel::select() should be compatible with Think\Model::select($options = Array) F:\wamp\www\x086TP32\Application\Common\Model\BasicModel.class.php 第 9 行.

[ 2017-08-15T12:25:32+08:00 ] ::1 /x086TP32/admin.php?c=basic&a=add
INFO: [ app_begin ] --START--
INFO: Run Behavior\ReadHtmlCacheBehavior [ RunTime:0.001000s ]
INFO: [ app_begin ] --END-- [ RunTime:0.001000s ]
NOTIC: [2048] Declaration of Common\Model\BasicModel::save() should be compatible with Think\Model::save($data = '', $options = Array) F:\wamp\www\x086TP32\Application\Common\Model\BasicModel.class.php 第 9 行.
NOTIC: [2048] Declaration of Common\Model\BasicModel::select() should be compatible with Think\Model::select($options = Array) F:\wamp\www\x086TP32\Application\Common\Model\BasicModel.class.php 第 9 行.

[ 2017-08-15T12:26:13+08:00 ] ::1 /x086TP32/admin.php?c=basic&a=add
INFO: [ app_begin ] --START--
INFO: Run Behavior\ReadHtmlCacheBehavior [ RunTime:0.001000s ]
INFO: [ app_begin ] --END-- [ RunTime:0.001000s ]
NOTIC: [2048] Declaration of Common\Model\BasicModel::save() should be compatible with Think\Model::save($data = '', $options = Array) F:\wamp\www\x086TP32\Application\Common\Model\BasicModel.class.php 第 9 行.
NOTIC: [2048] Declaration of Common\Model\BasicModel::select() should be compatible with Think\Model::select($options = Array) F:\wamp\www\x086TP32\Application\Common\Model\BasicModel.class.php 第 9 行.

[ 2017-08-15T16:51:07+08:00 ] ::1 /x086TP32/admin.php?c=admin&a=personal
ERR: 无法加载控制器:Admin

[ 2017-08-15T17:15:56+08:00 ] ::1 /x086TP32/admin.php?c=admin&a=personal
ERR: 无法加载控制器:Admin

[ 2017-08-15T23:08:39+08:00 ] ::1 /x086TP32/admin.php?c=admin
ERR: 无法加载控制器:Admin

[ 2017-08-15T23:16:47+08:00 ] ::1 /x086TP32/admin.php?m=Admin&c=.&a=admin.php&c=login
ERR: 非法操作:admin.php

[ 2017-08-15T23:16:49+08:00 ] ::1 /x086TP32/admin.php?m=Admin&c=.&a=admin.php&c=login
ERR: 非法操作:admin.php

[ 2017-08-15T23:16:49+08:00 ] ::1 /x086TP32/admin.php?m=Admin&c=.&a=admin.php&c=login
ERR: 非法操作:admin.php

[ 2017-08-15T23:18:11+08:00 ] ::1 /x086TP32/index.php?m=admin&c=login&a=check
INFO: [ app_begin ] --START--
INFO: Run Behavior\ReadHtmlCacheBehavior [ RunTime:0.001000s ]
INFO: [ app_begin ] --END-- [ RunTime:0.001000s ]
SQL: SHOW COLUMNS FROM `cms_admin` [ RunTime:0.0030s ]
SQL: SELECT * FROM `cms_admin` WHERE ( username="admin" ) LIMIT 1   [ RunTime:0.0010s ]
SQL: UPDATE `cms_admin` SET `lastlogintime`='1502810291' WHERE ( admin_id=1 ) [ RunTime:0.0000s ]

[ 2017-08-15T23:18:56+08:00 ] ::1 /x086TP32/admin.php?c=admin&a=save
INFO: [ app_begin ] --START--
INFO: Run Behavior\ReadHtmlCacheBehavior [ RunTime:0.001000s ]
INFO: [ app_begin ] --END-- [ RunTime:0.002000s ]
NOTIC: [2048] Declaration of Admin\Controller\AdminController::setStatus() should be compatible with Admin\Controller\CommonController::setStatus($data, $models) F:\wamp\www\x086TP32\Application\Admin\Controller\AdminController.class.php 第 9 行.
SQL: SHOW COLUMNS FROM `cms_admin` [ RunTime:0.0040s ]
SQL: UPDATE `cms_admin` SET `realname`='singcms123',`email`='singcms@singwa.com' WHERE ( admin_id=8 ) [ RunTime:0.0000s ]

[ 2017-08-15T23:19:14+08:00 ] ::1 /x086TP32/index.php?m=admin&c=login&a=check
INFO: [ app_begin ] --START--
INFO: Run Behavior\ReadHtmlCacheBehavior [ RunTime:0.001000s ]
INFO: [ app_begin ] --END-- [ RunTime:0.001000s ]
SQL: SHOW COLUMNS FROM `cms_admin` [ RunTime:0.0030s ]
SQL: SELECT * FROM `cms_admin` WHERE ( username="admin" ) LIMIT 1   [ RunTime:0.0000s ]
SQL: UPDATE `cms_admin` SET `lastlogintime`='1502810354' WHERE ( admin_id=1 ) [ RunTime:0.0010s ]

